# Logfile created on 2014-12-20 19:46:55 +0100 by logger.rb/44203
I, [2014-12-20T19:46:55.865276 #1529]  INFO -- : 0:  i18n (0.6.9) from /home/vagrant/.rvm/gems/ruby-2.1.0/specifications/i18n-0.6.9.gemspec
I, [2014-12-20T19:46:58.706732 #1529]  INFO -- : 0:  json (1.8.1) from /home/vagrant/.rvm/gems/ruby-2.1.0/specifications/json-1.8.1.gemspec
I, [2014-12-20T19:47:01.225782 #1529]  INFO -- : 0:  minitest (5.3.4) from /home/vagrant/.rvm/gems/ruby-2.1.0/specifications/minitest-5.3.4.gemspec
I, [2014-12-20T19:47:01.226951 #1529]  INFO -- : 0:  thread_safe (0.3.4) from /home/vagrant/.rvm/gems/ruby-2.1.0/specifications/thread_safe-0.3.4.gemspec
I, [2014-12-20T19:47:01.227853 #1529]  INFO -- : 0:  tzinfo (1.2.1) from /home/vagrant/.rvm/gems/ruby-2.1.0/specifications/tzinfo-1.2.1.gemspec
I, [2014-12-20T19:47:04.009514 #1529]  INFO -- : 0:  activesupport (4.1.1) from /home/vagrant/.rvm/gems/ruby-2.1.0/specifications/activesupport-4.1.1.gemspec
I, [2014-12-20T19:47:06.811923 #1529]  INFO -- : 0:  clockwork (0.7.5) from /home/vagrant/.rvm/gems/ruby-2.1.0/specifications/clockwork-0.7.5.gemspec
I, [2014-12-20T19:47:12.084175 #1529]  INFO -- : 0:  unf_ext (0.0.6) from /home/vagrant/.rvm/gems/ruby-2.1.0/specifications/unf_ext-0.0.6.gemspec
I, [2014-12-20T19:47:14.592478 #1529]  INFO -- : 0:  unf (0.1.4) from /home/vagrant/.rvm/gems/ruby-2.1.0/specifications/unf-0.1.4.gemspec
I, [2014-12-20T19:47:16.921284 #1529]  INFO -- : 0:  domain_name (0.5.19) from /home/vagrant/.rvm/gems/ruby-2.1.0/specifications/domain_name-0.5.19.gemspec
I, [2014-12-20T19:47:19.172301 #1529]  INFO -- : 0:  http-cookie (1.0.2) from /home/vagrant/.rvm/gems/ruby-2.1.0/specifications/http-cookie-1.0.2.gemspec
I, [2014-12-20T19:47:21.601667 #1529]  INFO -- : 0:  mime-types (2.3) from /home/vagrant/.rvm/gems/ruby-2.1.0/specifications/mime-types-2.3.gemspec
I, [2014-12-20T19:47:23.692548 #1529]  INFO -- : 0:  net-http-digest_auth (1.4) from /home/vagrant/.rvm/gems/ruby-2.1.0/specifications/net-http-digest_auth-1.4.gemspec
I, [2014-12-20T19:47:25.887800 #1529]  INFO -- : 0:  net-http-persistent (2.9.4) from /home/vagrant/.rvm/gems/ruby-2.1.0/specifications/net-http-persistent-2.9.4.gemspec
I, [2014-12-20T19:47:27.992252 #1529]  INFO -- : 0:  mini_portile (0.6.0) from /home/vagrant/.rvm/gems/ruby-2.1.0/specifications/mini_portile-0.6.0.gemspec
I, [2014-12-20T19:49:20.712768 #1529]  INFO -- : 0:  nokogiri (1.6.2.1) from /home/vagrant/.rvm/gems/ruby-2.1.0/specifications/nokogiri-1.6.2.1.gemspec
I, [2014-12-20T19:49:22.928408 #1529]  INFO -- : 0:  ntlm-http (0.1.1) from /home/vagrant/.rvm/gems/ruby-2.1.0/specifications/ntlm-http-0.1.1.gemspec
I, [2014-12-20T19:49:25.044071 #1529]  INFO -- : 0:  webrobots (0.1.1) from /home/vagrant/.rvm/gems/ruby-2.1.0/specifications/webrobots-0.1.1.gemspec
I, [2014-12-20T19:49:27.597652 #1529]  INFO -- : 0:  mechanize (2.7.3) from /home/vagrant/.rvm/gems/ruby-2.1.0/specifications/mechanize-2.7.3.gemspec
I, [2014-12-20T19:49:30.124188 #1529]  INFO -- : 0:  parseconfig (1.0.4) from /home/vagrant/.rvm/gems/ruby-2.1.0/specifications/parseconfig-1.0.4.gemspec
I, [2014-12-20T19:49:32.336179 #1529]  INFO -- : 0:  sms_ru (0.5.0) from /home/vagrant/.rvm/gems/ruby-2.1.0/specifications/sms_ru-0.5.0.gemspec
I, [2014-12-20T19:49:32.337283 #1529]  INFO -- : 0:  bundler (1.5.0) from /home/vagrant/.rvm/gems/ruby-2.1.0@global/specifications/bundler-1.5.0.gemspec
I, [2014-12-20T19:53:12.397415 #19985]  INFO -- : 0:  i18n (0.6.9) from /home/vagrant/.rvm/gems/ruby-2.1.0/specifications/i18n-0.6.9.gemspec
I, [2014-12-20T19:53:13.907704 #19985]  INFO -- : 0:  json (1.8.1) from /home/vagrant/.rvm/gems/ruby-2.1.0/specifications/json-1.8.1.gemspec
I, [2014-12-20T19:53:13.909250 #19985]  INFO -- : 0:  minitest (5.3.4) from /home/vagrant/.rvm/gems/ruby-2.1.0/specifications/minitest-5.3.4.gemspec
I, [2014-12-20T19:53:13.910043 #19985]  INFO -- : 0:  thread_safe (0.3.4) from /home/vagrant/.rvm/gems/ruby-2.1.0/specifications/thread_safe-0.3.4.gemspec
I, [2014-12-20T19:53:13.910769 #19985]  INFO -- : 0:  tzinfo (1.2.1) from /home/vagrant/.rvm/gems/ruby-2.1.0/specifications/tzinfo-1.2.1.gemspec
I, [2014-12-20T19:53:13.912463 #19985]  INFO -- : 0:  activesupport (4.1.1) from /home/vagrant/.rvm/gems/ruby-2.1.0/specifications/activesupport-4.1.1.gemspec
I, [2014-12-20T19:53:13.916891 #19985]  INFO -- : 0:  clockwork (0.7.5) from /home/vagrant/.rvm/gems/ruby-2.1.0/specifications/clockwork-0.7.5.gemspec
I, [2014-12-20T19:53:13.917698 #19985]  INFO -- : 0:  unf_ext (0.0.6) from /home/vagrant/.rvm/gems/ruby-2.1.0/specifications/unf_ext-0.0.6.gemspec
I, [2014-12-20T19:53:13.918550 #19985]  INFO -- : 0:  unf (0.1.4) from /home/vagrant/.rvm/gems/ruby-2.1.0/specifications/unf-0.1.4.gemspec
I, [2014-12-20T19:53:13.919599 #19985]  INFO -- : 0:  domain_name (0.5.19) from /home/vagrant/.rvm/gems/ruby-2.1.0/specifications/domain_name-0.5.19.gemspec
I, [2014-12-20T19:53:13.920601 #19985]  INFO -- : 0:  http-cookie (1.0.2) from /home/vagrant/.rvm/gems/ruby-2.1.0/specifications/http-cookie-1.0.2.gemspec
I, [2014-12-20T19:53:13.921364 #19985]  INFO -- : 0:  mime-types (2.3) from /home/vagrant/.rvm/gems/ruby-2.1.0/specifications/mime-types-2.3.gemspec
I, [2014-12-20T19:53:13.922068 #19985]  INFO -- : 0:  net-http-digest_auth (1.4) from /home/vagrant/.rvm/gems/ruby-2.1.0/specifications/net-http-digest_auth-1.4.gemspec
I, [2014-12-20T19:53:13.922925 #19985]  INFO -- : 0:  net-http-persistent (2.9.4) from /home/vagrant/.rvm/gems/ruby-2.1.0/specifications/net-http-persistent-2.9.4.gemspec
I, [2014-12-20T19:53:13.923578 #19985]  INFO -- : 0:  mini_portile (0.6.0) from /home/vagrant/.rvm/gems/ruby-2.1.0/specifications/mini_portile-0.6.0.gemspec
I, [2014-12-20T19:53:13.924303 #19985]  INFO -- : 0:  nokogiri (1.6.2.1) from /home/vagrant/.rvm/gems/ruby-2.1.0/specifications/nokogiri-1.6.2.1.gemspec
I, [2014-12-20T19:53:13.924961 #19985]  INFO -- : 0:  ntlm-http (0.1.1) from /home/vagrant/.rvm/gems/ruby-2.1.0/specifications/ntlm-http-0.1.1.gemspec
I, [2014-12-20T19:53:13.925909 #19985]  INFO -- : 0:  webrobots (0.1.1) from /home/vagrant/.rvm/gems/ruby-2.1.0/specifications/webrobots-0.1.1.gemspec
I, [2014-12-20T19:53:13.926743 #19985]  INFO -- : 0:  mechanize (2.7.3) from /home/vagrant/.rvm/gems/ruby-2.1.0/specifications/mechanize-2.7.3.gemspec
I, [2014-12-20T19:53:13.927674 #19985]  INFO -- : 0:  parseconfig (1.0.4) from /home/vagrant/.rvm/gems/ruby-2.1.0/specifications/parseconfig-1.0.4.gemspec
I, [2014-12-20T19:53:13.928400 #19985]  INFO -- : 0:  sms_ru (0.5.0) from /home/vagrant/.rvm/gems/ruby-2.1.0/specifications/sms_ru-0.5.0.gemspec
I, [2014-12-20T19:53:13.929046 #19985]  INFO -- : 0:  bundler (1.5.0) from /home/vagrant/.rvm/gems/ruby-2.1.0@global/specifications/bundler-1.5.0.gemspec
I, [2014-12-20T22:45:26.465513 #20925]  INFO -- : 0:  i18n (0.6.9) from /home/vagrant/.rvm/gems/ruby-2.1.0/specifications/i18n-0.6.9.gemspec
I, [2014-12-20T22:45:29.466216 #20925]  INFO -- : 0:  json (1.8.1) from /home/vagrant/.rvm/gems/ruby-2.1.0/specifications/json-1.8.1.gemspec
I, [2014-12-20T22:45:29.467331 #20925]  INFO -- : 0:  minitest (5.3.4) from /home/vagrant/.rvm/gems/ruby-2.1.0/specifications/minitest-5.3.4.gemspec
I, [2014-12-20T22:45:29.468156 #20925]  INFO -- : 0:  thread_safe (0.3.4) from /home/vagrant/.rvm/gems/ruby-2.1.0/specifications/thread_safe-0.3.4.gemspec
I, [2014-12-20T22:45:29.469298 #20925]  INFO -- : 0:  tzinfo (1.2.1) from /home/vagrant/.rvm/gems/ruby-2.1.0/specifications/tzinfo-1.2.1.gemspec
I, [2014-12-20T22:45:29.470110 #20925]  INFO -- : 0:  activesupport (4.1.1) from /home/vagrant/.rvm/gems/ruby-2.1.0/specifications/activesupport-4.1.1.gemspec
I, [2014-12-20T22:45:29.470909 #20925]  INFO -- : 0:  clockwork (0.7.5) from /home/vagrant/.rvm/gems/ruby-2.1.0/specifications/clockwork-0.7.5.gemspec
I, [2014-12-20T22:45:29.471626 #20925]  INFO -- : 0:  unf_ext (0.0.6) from /home/vagrant/.rvm/gems/ruby-2.1.0/specifications/unf_ext-0.0.6.gemspec
I, [2014-12-20T22:45:29.472376 #20925]  INFO -- : 0:  unf (0.1.4) from /home/vagrant/.rvm/gems/ruby-2.1.0/specifications/unf-0.1.4.gemspec
I, [2014-12-20T22:45:29.473142 #20925]  INFO -- : 0:  domain_name (0.5.19) from /home/vagrant/.rvm/gems/ruby-2.1.0/specifications/domain_name-0.5.19.gemspec
I, [2014-12-20T22:45:29.473909 #20925]  INFO -- : 0:  http-cookie (1.0.2) from /home/vagrant/.rvm/gems/ruby-2.1.0/specifications/http-cookie-1.0.2.gemspec
I, [2014-12-20T22:45:29.474816 #20925]  INFO -- : 0:  mime-types (2.3) from /home/vagrant/.rvm/gems/ruby-2.1.0/specifications/mime-types-2.3.gemspec
I, [2014-12-20T22:45:29.478004 #20925]  INFO -- : 0:  net-http-digest_auth (1.4) from /home/vagrant/.rvm/gems/ruby-2.1.0/specifications/net-http-digest_auth-1.4.gemspec
I, [2014-12-20T22:45:29.478905 #20925]  INFO -- : 0:  net-http-persistent (2.9.4) from /home/vagrant/.rvm/gems/ruby-2.1.0/specifications/net-http-persistent-2.9.4.gemspec
I, [2014-12-20T22:45:29.479873 #20925]  INFO -- : 0:  mini_portile (0.6.0) from /home/vagrant/.rvm/gems/ruby-2.1.0/specifications/mini_portile-0.6.0.gemspec
I, [2014-12-20T22:45:29.480733 #20925]  INFO -- : 0:  nokogiri (1.6.2.1) from /home/vagrant/.rvm/gems/ruby-2.1.0/specifications/nokogiri-1.6.2.1.gemspec
I, [2014-12-20T22:45:29.481584 #20925]  INFO -- : 0:  ntlm-http (0.1.1) from /home/vagrant/.rvm/gems/ruby-2.1.0/specifications/ntlm-http-0.1.1.gemspec
I, [2014-12-20T22:45:29.482285 #20925]  INFO -- : 0:  webrobots (0.1.1) from /home/vagrant/.rvm/gems/ruby-2.1.0/specifications/webrobots-0.1.1.gemspec
I, [2014-12-20T22:45:29.482949 #20925]  INFO -- : 0:  mechanize (2.7.3) from /home/vagrant/.rvm/gems/ruby-2.1.0/specifications/mechanize-2.7.3.gemspec
I, [2014-12-20T22:45:29.483773 #20925]  INFO -- : 0:  parseconfig (1.0.4) from /home/vagrant/.rvm/gems/ruby-2.1.0/specifications/parseconfig-1.0.4.gemspec
I, [2014-12-20T22:45:29.484605 #20925]  INFO -- : 0:  sms_ru (0.5.0) from /home/vagrant/.rvm/gems/ruby-2.1.0/specifications/sms_ru-0.5.0.gemspec
I, [2014-12-20T22:45:29.485602 #20925]  INFO -- : 0:  bundler (1.5.0) from /home/vagrant/.rvm/gems/ruby-2.1.0@global/specifications/bundler-1.5.0.gemspec
